-------------------------------------------------------------------------------
Test set: com.att.archive.restful.service.ArchiveServiceTest
-------------------------------------------------------------------------------
Tests run: 11, Failures: 3, Errors: 1, Skipped: 0, Time elapsed: 2.625 sec <<< FAILURE! - in com.att.archive.restful.service.ArchiveServiceTest
testFindAll_List(com.att.archive.restful.service.ArchiveServiceTest)  Time elapsed: 0.088 sec  <<< FAILURE!
java.lang.AssertionError: expected:<null> but was:<[]>
	at org.junit.Assert.fail(Assert.java:88)
	at org.junit.Assert.failNotEquals(Assert.java:834)
	at org.junit.Assert.assertEquals(Assert.java:118)
	at org.junit.Assert.assertEquals(Assert.java:144)
	at com.att.archive.restful.service.ArchiveServiceTest.testFindAll_List(ArchiveServiceTest.java:82)

testFindArchives_4args(com.att.archive.restful.service.ArchiveServiceTest)  Time elapsed: 0.007 sec  <<< FAILURE!
java.lang.AssertionError: null
	at org.junit.Assert.fail(Assert.java:86)
	at org.junit.Assert.assertTrue(Assert.java:41)
	at org.junit.Assert.assertTrue(Assert.java:52)
	at com.att.archive.restful.service.ArchiveServiceTest.testFindArchives_4args(ArchiveServiceTest.java:230)

testSave_ArchiveRequest_IArchiver(com.att.archive.restful.service.ArchiveServiceTest)  Time elapsed: 0.006 sec  <<< ERROR!
java.lang.NullPointerException: null
	at com.att.archive.restful.service.ArchiveService.save(ArchiveService.java:64)
	at com.att.archive.restful.service.ArchiveServiceTest.testSave_ArchiveRequest_IArchiver(ArchiveServiceTest.java:171)

testFindAll_0args(com.att.archive.restful.service.ArchiveServiceTest)  Time elapsed: 0.004 sec  <<< FAILURE!
java.lang.AssertionError: expected:<null> but was:<[com.att.archive.restful.model.Archive@6d868997]>
	at org.junit.Assert.fail(Assert.java:88)
	at org.junit.Assert.failNotEquals(Assert.java:834)
	at org.junit.Assert.assertEquals(Assert.java:118)
	at org.junit.Assert.assertEquals(Assert.java:144)
	at com.att.archive.restful.service.ArchiveServiceTest.testFindAll_0args(ArchiveServiceTest.java:68)

